Unity Editor version:    2021.3.18f1 (3129e69bc0c7)
Branch:                  2021.3/staging
Build type:              Release
Batch mode:              YES
macOS version:           Version 12.6.3 (Build 21G419)
Darwin version:          21.6.0
Architecture:            x86_64
Running under Rosetta:   NO
Available memory:        8192 MB
Using pre-set license
Pro License: YES

COMMAND LINE ARGUMENTS:
/Applications/Unity/Hub/Editor/2021.3.18f1/Unity.app/Contents/MacOS/Unity
-adb2
-batchMode
-noUpm
-name
AssetImportWorker0
-projectPath
/Users/mikescomputer/Desktop/GitHubs/LightInTheDarkV7/LightInTheDarkV7
-logFile
Logs/AssetImportWorker0.log
-srvPort
51423
Successfully changed project path to: /Users/mikescomputer/Desktop/GitHubs/LightInTheDarkV7/LightInTheDarkV7
/Users/mikescomputer/Desktop/GitHubs/LightInTheDarkV7/LightInTheDarkV7
[UnityMemory] Configuration Parameters - Can be set up in boot.config
    "memorysetup-bucket-allocator-granularity=16"
    "memorysetup-bucket-allocator-bucket-count=8"
    "memorysetup-bucket-allocator-block-size=33554432"
    "memorysetup-bucket-allocator-block-count=8"
    "memorysetup-main-allocator-block-size=16777216"
    "memorysetup-thread-allocator-block-size=16777216"
    "memorysetup-gfx-main-allocator-block-size=16777216"
    "memorysetup-gfx-thread-allocator-block-size=16777216"
    "memorysetup-cache-allocator-block-size=4194304"
    "memorysetup-typetree-allocator-block-size=2097152"
    "memorysetup-profiler-bucket-allocator-granularity=16"
    "memorysetup-profiler-bucket-allocator-bucket-count=8"
    "memorysetup-profiler-bucket-allocator-block-size=33554432"
    "memorysetup-profiler-bucket-allocator-block-count=8"
    "memorysetup-profiler-allocator-block-size=16777216"
    "memorysetup-profiler-editor-allocator-block-size=1048576"
    "memorysetup-temp-allocator-size-main=16777216"
    "memorysetup-job-temp-allocator-block-size=2097152"
    "memorysetup-job-temp-allocator-block-size-background=1048576"
    "memorysetup-job-temp-allocator-reduction-small-platforms=262144"
    "memorysetup-temp-allocator-size-background-worker=32768"
    "memorysetup-temp-allocator-size-job-worker=262144"
    "memorysetup-temp-allocator-size-preload-manager=33554432"
    "memorysetup-temp-allocator-size-nav-mesh-worker=65536"
    "memorysetup-temp-allocator-size-audio-worker=65536"
    "memorysetup-temp-allocator-size-cloud-worker=32768"
    "memorysetup-temp-allocator-size-gi-baking-worker=262144"
    "memorysetup-temp-allocator-size-gfx=262144"
Player connection [4896024064] Host "[IP] 10.128.148.87 [Port] 0 [Flags] 2 [Guid] 2038037765 [EditorId] 2038037765 [Version] 1048832 [Id] OSXEditor(0,MikesComputers-MacBook-Air.local) [Debug] 1 [PackageName] OSXEditor [ProjectName] Editor" joined multi-casting on [225.0.0.222:54997]...

Player connection [4896024064] Host "[IP] 10.128.148.87 [Port] 0 [Flags] 2 [Guid] 2038037765 [EditorId] 2038037765 [Version] 1048832 [Id] OSXEditor(0,MikesComputers-MacBook-Air.local) [Debug] 1 [PackageName] OSXEditor [ProjectName] Editor" joined alternative multi-casting on [225.0.0.222:34997]...

Refreshing native plugins compatible for Editor in 239.28 ms, found 3 plugins.
Preloading 0 native plugins for Editor in 0.00 ms.
Initialize engine version: 2021.3.18f1 (3129e69bc0c7)
[Subsystems] Discovering subsystems at path /Applications/Unity/Hub/Editor/2021.3.18f1/Unity.app/Contents/Resources/UnitySubsystems
[Subsystems] Discovering subsystems at path /Users/mikescomputer/Desktop/GitHubs/LightInTheDarkV7/LightInTheDarkV7/Assets
GfxDevice: creating device client; threaded=0; jobified=0
Color LCD preferred device: Intel(R) Iris(TM) Graphics 6000 (low power)
Metal devices available: 1
0: Intel(R) Iris(TM) Graphics 6000 (low power)
Using device Intel(R) Iris(TM) Graphics 6000 (low power)
Initializing Metal device caps: Intel(R) Iris(TM) Graphics 6000
Initialize mono
Mono path[0] = '/Applications/Unity/Hub/Editor/2021.3.18f1/Unity.app/Contents/Managed'
Mono path[1] = '/Applications/Unity/Hub/Editor/2021.3.18f1/Unity.app/Contents/MonoBleedingEdge/lib/mono/unityjit-macos'
Mono config path = '/Applications/Unity/Hub/Editor/2021.3.18f1/Unity.app/Contents/MonoBleedingEdge/etc'
Using monoOptions --debugger-agent=transport=dt_socket,embedding=1,server=y,suspend=n,address=127.0.0.1:56460
Begin MonoManager ReloadAssembly
Registering precompiled unity dll's ...
Register platform support module: /Applications/Unity/Hub/Editor/2021.3.18f1/PlaybackEngines/WebGLSupport/UnityEditor.WebGL.Extensions.dll
Register platform support module: /Applications/Unity/Hub/Editor/2021.3.18f1/Unity.app/Contents/PlaybackEngines/MacStandaloneSupport/UnityEditor.OSXStandalone.Extensions.dll
Registered in 0.006917 seconds.
Native extension for OSXStandalone target not found
Native extension for WebGL target not found
Refreshing native plugins compatible for Editor in 145.93 ms, found 3 plugins.
Preloading 0 native plugins for Editor in 0.00 ms.
Mono: successfully reloaded assembly
- Completed reload, in  1.793 seconds
Domain Reload Profiling:
	ReloadAssembly (1794ms)
		BeginReloadAssembly (167ms)
			ExecutionOrderSort (0ms)
			DisableScriptedObjects (0ms)
			BackupInstance (0ms)
			ReleaseScriptingObjects (0ms)
			CreateAndSetChildDomain (2ms)
		EndReloadAssembly (1043ms)
			LoadAssemblies (174ms)
			RebuildTransferFunctionScriptingTraits (0ms)
			SetupTypeCache (382ms)
			ReleaseScriptCaches (0ms)
			RebuildScriptCaches (52ms)
			SetupLoadedEditorAssemblies (515ms)
				LogAssemblyErrors (0ms)
				InitializePlatformSupportModulesInManaged (11ms)
				SetLoadedEditorAssemblies (0ms)
				RefreshPlugins (146ms)
				BeforeProcessingInitializeOnLoad (2ms)
				ProcessInitializeOnLoadAttributes (255ms)
				ProcessInitializeOnLoadMethodAttributes (101ms)
				AfterProcessingInitializeOnLoad (0ms)
				EditorAssembliesLoaded (0ms)
			ExecutionOrderSort2 (0ms)
			AwakeInstancesAfterBackupRestoration (0ms)
Platform modules already initialized, skipping
Registering precompiled user dll's ...
Registered in 0.004175 seconds.
Begin MonoManager ReloadAssembly
Symbol file LoadedFromMemory doesn't match image /Users/mikescomputer/Desktop/GitHubs/LightInTheDarkV7/LightInTheDarkV7/Library/PackageCache/com.unity.visualscripting@1.8.0/Editor/VisualScripting.Core/Dependencies/YamlDotNet/Unity.VisualScripting.YamlDotNet.dll
Symbol file LoadedFromMemory doesn't match image /Users/mikescomputer/Desktop/GitHubs/LightInTheDarkV7/LightInTheDarkV7/Library/PackageCache/com.unity.visualscripting@1.8.0/Editor/VisualScripting.Core/Dependencies/DotNetZip/Unity.VisualScripting.IonicZip.dll
Native extension for OSXStandalone target not found
Native extension for WebGL target not found
Refreshing native plugins compatible for Editor in 173.79 ms, found 3 plugins.
Preloading 0 native plugins for Editor in 0.00 ms.
Mono: successfully reloaded assembly
- Completed reload, in  2.859 seconds
Domain Reload Profiling:
	ReloadAssembly (2860ms)
		BeginReloadAssembly (334ms)
			ExecutionOrderSort (0ms)
			DisableScriptedObjects (22ms)
			BackupInstance (0ms)
			ReleaseScriptingObjects (0ms)
			CreateAndSetChildDomain (84ms)
		EndReloadAssembly (1844ms)
			LoadAssemblies (284ms)
			RebuildTransferFunctionScriptingTraits (0ms)
			SetupTypeCache (506ms)
			ReleaseScriptCaches (1ms)
			RebuildScriptCaches (124ms)
			SetupLoadedEditorAssemblies (906ms)
				LogAssemblyErrors (0ms)
				InitializePlatformSupportModulesInManaged (5ms)
				SetLoadedEditorAssemblies (0ms)
				RefreshPlugins (174ms)
				BeforeProcessingInitializeOnLoad (127ms)
				ProcessInitializeOnLoadAttributes (530ms)
				ProcessInitializeOnLoadMethodAttributes (67ms)
				AfterProcessingInitializeOnLoad (2ms)
				EditorAssembliesLoaded (0ms)
			ExecutionOrderSort2 (0ms)
			AwakeInstancesAfterBackupRestoration (6ms)
Platform modules already initialized, skipping
========================================================================
Worker process is ready to serve import requests
Launching external process: /Applications/Unity/Hub/Editor/2021.3.18f1/Unity.app/Contents/Tools/UnityShaderCompiler
Launched and connected shader compiler UnityShaderCompiler after 0.14 seconds
Refreshing native plugins compatible for Editor in 1.61 ms, found 3 plugins.
Preloading 0 native plugins for Editor in 0.00 ms.
Unloading 4112 Unused Serialized files (Serialized files now loaded: 0)
Unloading 43 unused Assets / (150.2 KB). Loaded Objects now: 4569.
Memory consumption went from 153.5 MB to 153.3 MB.
Total: 11.812300 ms (FindLiveObjects: 0.581665 ms CreateObjectMapping: 1.184471 ms MarkObjects: 9.750348 ms  DeleteObjects: 0.293714 ms)

AssetImportParameters requested are different than current active one (requested -> active):
  custom:video-decoder-ogg-theora: a1e56fd34408186e4bbccfd4996cb3dc -> 
  custom:container-muxer-webm: aa71ff27fc2769a1b78a27578f13a17b -> 
  custom:container-demuxer-webm: 4f35f7cbe854078d1ac9338744f61a02 -> 
  custom:video-encoder-webm-vp8: eb34c28f22e8b96e1ab97ce403110664 -> 
  custom:framework-osx-AVFoundation: e770b220cccbd017edd2c1fefb359320 -> 
  custom:audio-encoder-webm-vorbis: bf7c407c2cedff20999df2af8eb42d56 -> 
  custom:container-demuxer-ogg: 62fdf1f143b41e24485cea50d1cbac27 -> 
  custom:video-decoder-webm-vp8: 9c59270c3fd7afecdb556c50c9e8de78 -> 
  custom:audio-decoder-ogg-vorbis: bf7c407c2cedff20999df2af8eb42d56 -> 
========================================================================
Received Import Request.
  Time since last request: 57000.693302 seconds.
  path: Assets/Assets/Options.unity
  artifactKey: Guid(46da7662be4bd4d67abb350c3f8bbdb0) Importer(815301076,1909f56bfc062723c751e8b465ee728b)
Start importing Assets/Assets/Options.unity using Guid(46da7662be4bd4d67abb350c3f8bbdb0) Importer(815301076,1909f56bfc062723c751e8b465ee728b)  -> (artifact id: '3b91dcd1d91ef42415f3538bd0ab23ea') in 0.033485 seconds 
========================================================================
Received Import Request.
  Time since last request: 94.487638 seconds.
  path: Assets/Assets/Main Camera.prefab
  artifactKey: Guid(5368e4883403d4eb9acb39720fcf3a0c) Importer(815301076,1909f56bfc062723c751e8b465ee728b)
Start importing Assets/Assets/Main Camera.prefab using Guid(5368e4883403d4eb9acb39720fcf3a0c) Importer(815301076,1909f56bfc062723c751e8b465ee728b)  -> (artifact id: '3fbc27126df90e6198d3587cdffcedbd') in 1.817955 seconds 
========================================================================
Received Import Request.
  Time since last request: 21.941564 seconds.
  path: Assets/Assets/Scenes/LevelSelect.unity
  artifactKey: Guid(f23800a8d4222483ab430316fcba0991) Importer(815301076,1909f56bfc062723c751e8b465ee728b)
Start importing Assets/Assets/Scenes/LevelSelect.unity using Guid(f23800a8d4222483ab430316fcba0991) Importer(815301076,1909f56bfc062723c751e8b465ee728b)  -> (artifact id: '60d893057e411189c3bbfec5a0e846c9') in 0.004737 seconds 
========================================================================
Received Import Request.
  Time since last request: 32.809560 seconds.
  path: Assets/Assets/Scenes/MainMenu.unity
  artifactKey: Guid(a4f5580813fd1496d81940eb8fe8205c) Importer(815301076,1909f56bfc062723c751e8b465ee728b)
Start importing Assets/Assets/Scenes/MainMenu.unity using Guid(a4f5580813fd1496d81940eb8fe8205c) Importer(815301076,1909f56bfc062723c751e8b465ee728b)  -> (artifact id: 'd847a6314e8cf15ff2351fb1247d248e') in 0.003988 seconds 
========================================================================
Received Import Request.
  Time since last request: 13.361773 seconds.
  path: Assets/Assets/Scenes/RealLevel1.unity
  artifactKey: Guid(f14ac67f3684d4ec1806d944f7915c78) Importer(815301076,1909f56bfc062723c751e8b465ee728b)
Start importing Assets/Assets/Scenes/RealLevel1.unity using Guid(f14ac67f3684d4ec1806d944f7915c78) Importer(815301076,1909f56bfc062723c751e8b465ee728b)  -> (artifact id: '7996d871946c1d45c4e5faa86eb606ff') in 0.003395 seconds 
========================================================================
Received Import Request.
  Time since last request: 14.960844 seconds.
  path: Assets/Assets/Scenes/RealLevel2.unity
  artifactKey: Guid(89e3d993a0fde4b3480466b5cef0e3ec) Importer(815301076,1909f56bfc062723c751e8b465ee728b)
Start importing Assets/Assets/Scenes/RealLevel2.unity using Guid(89e3d993a0fde4b3480466b5cef0e3ec) Importer(815301076,1909f56bfc062723c751e8b465ee728b)  -> (artifact id: '2cd501ade7863d0dc6cd55341b5f8559') in 0.003773 seconds 
========================================================================
Received Import Request.
  Time since last request: 14.719592 seconds.
  path: Assets/Assets/Scenes/RealLevel3.unity
  artifactKey: Guid(e51b8a2d9698b47d3b4f6cbdf0a0502a) Importer(815301076,1909f56bfc062723c751e8b465ee728b)
Start importing Assets/Assets/Scenes/RealLevel3.unity using Guid(e51b8a2d9698b47d3b4f6cbdf0a0502a) Importer(815301076,1909f56bfc062723c751e8b465ee728b)  -> (artifact id: '40a5e27d5cf5f9195db49e4978274873') in 0.003758 seconds 
========================================================================
Received Import Request.
  Time since last request: 10.573803 seconds.
  path: Assets/Assets/Scenes/RealLevel4.unity
  artifactKey: Guid(e176842948390470ba9ea2b7fadf89b6) Importer(815301076,1909f56bfc062723c751e8b465ee728b)
Start importing Assets/Assets/Scenes/RealLevel4.unity using Guid(e176842948390470ba9ea2b7fadf89b6) Importer(815301076,1909f56bfc062723c751e8b465ee728b)  -> (artifact id: 'b48dfccfe182def9cb664a12e2abc4b4') in 0.004557 seconds 
========================================================================
Received Import Request.
  Time since last request: 11.071972 seconds.
  path: Assets/Assets/Scenes/RealLevel5.unity
  artifactKey: Guid(2b09ace36cc0b4491befcf003c6e7c69) Importer(815301076,1909f56bfc062723c751e8b465ee728b)
Start importing Assets/Assets/Scenes/RealLevel5.unity using Guid(2b09ace36cc0b4491befcf003c6e7c69) Importer(815301076,1909f56bfc062723c751e8b465ee728b)  -> (artifact id: '53d247c621123fd3b514d3b04874d88c') in 0.002445 seconds 
========================================================================
Received Import Request.
  Time since last request: 10.801069 seconds.
  path: Assets/Assets/Scenes/RealLevel5.unity
  artifactKey: Guid(2b09ace36cc0b4491befcf003c6e7c69) Importer(815301076,1909f56bfc062723c751e8b465ee728b)
Start importing Assets/Assets/Scenes/RealLevel5.unity using Guid(2b09ace36cc0b4491befcf003c6e7c69) Importer(815301076,1909f56bfc062723c751e8b465ee728b)  -> (artifact id: '8c5fe301eb7f3555a9bbe7450eeec336') in 0.002265 seconds 
========================================================================
Received Import Request.
  Time since last request: 5.430775 seconds.
  path: Assets/Assets/Scenes/RealLevel6.unity
  artifactKey: Guid(5a7ac534f13794ff6b63190213f634c5) Importer(815301076,1909f56bfc062723c751e8b465ee728b)
Start importing Assets/Assets/Scenes/RealLevel6.unity using Guid(5a7ac534f13794ff6b63190213f634c5) Importer(815301076,1909f56bfc062723c751e8b465ee728b)  -> (artifact id: '6d79a3f2f128da8305a265b431c61611') in 0.002739 seconds 
========================================================================
Received Import Request.
  Time since last request: 13.291498 seconds.
  path: Assets/Assets/Scenes/RealLevel7.unity
  artifactKey: Guid(c9eee2f236b9d4db582ced7741578186) Importer(815301076,1909f56bfc062723c751e8b465ee728b)
Start importing Assets/Assets/Scenes/RealLevel7.unity using Guid(c9eee2f236b9d4db582ced7741578186) Importer(815301076,1909f56bfc062723c751e8b465ee728b)  -> (artifact id: 'fe79d6f1045522247caa6293eaca52be') in 0.004150 seconds 
========================================================================
Received Import Request.
  Time since last request: 9.707961 seconds.
  path: Assets/Assets/Scenes/RealLevel8.unity
  artifactKey: Guid(b1a6315a671574302b4462b72abfad47) Importer(815301076,1909f56bfc062723c751e8b465ee728b)
Start importing Assets/Assets/Scenes/RealLevel8.unity using Guid(b1a6315a671574302b4462b72abfad47) Importer(815301076,1909f56bfc062723c751e8b465ee728b)  -> (artifact id: 'a52f8ef6e2829d636942501a0c1c0e5f') in 0.004241 seconds 
========================================================================
Received Import Request.
  Time since last request: 11.287032 seconds.
  path: Assets/Assets/Scenes/RealLevel9.unity
  artifactKey: Guid(0717c467084694b42819b4344cab39e6) Importer(815301076,1909f56bfc062723c751e8b465ee728b)
Start importing Assets/Assets/Scenes/RealLevel9.unity using Guid(0717c467084694b42819b4344cab39e6) Importer(815301076,1909f56bfc062723c751e8b465ee728b)  -> (artifact id: 'f6399b5efeeebd712ade1e24155193f7') in 0.004475 seconds 
========================================================================
Received Import Request.
  Time since last request: 12.835544 seconds.
  path: Assets/Assets/Scenes/RealLevel10.unity
  artifactKey: Guid(92ae9326beaab482f8f15816c375a68e) Importer(815301076,1909f56bfc062723c751e8b465ee728b)
Start importing Assets/Assets/Scenes/RealLevel10.unity using Guid(92ae9326beaab482f8f15816c375a68e) Importer(815301076,1909f56bfc062723c751e8b465ee728b)  -> (artifact id: '4a37fb796f182031e2a031da35f77a26') in 0.002999 seconds 
========================================================================
Received Import Request.
  Time since last request: 10.053427 seconds.
  path: Assets/Assets/Scenes/WinScreen.unity
  artifactKey: Guid(8732cf3b35ec044e19f1447f378f8e0e) Importer(815301076,1909f56bfc062723c751e8b465ee728b)
Start importing Assets/Assets/Scenes/WinScreen.unity using Guid(8732cf3b35ec044e19f1447f378f8e0e) Importer(815301076,1909f56bfc062723c751e8b465ee728b)  -> (artifact id: 'bbd450029cc3b20e26738909af0ada0b') in 0.004306 seconds 
========================================================================
Received Prepare
Refreshing native plugins compatible for Editor in 33.44 ms, found 3 plugins.
Preloading 0 native plugins for Editor in 0.00 ms.
Unloading 29 Unused Serialized files (Serialized files now loaded: 0)
Unloading 29 unused Assets / (149.6 KB). Loaded Objects now: 4570.
Memory consumption went from 73.9 MB to 73.7 MB.
Total: 123.684958 ms (FindLiveObjects: 1.283422 ms CreateObjectMapping: 0.699739 ms MarkObjects: 100.656415 ms  DeleteObjects: 21.041399 ms)

AssetImportParameters requested are different than current active one (requested -> active):
  custom:video-decoder-ogg-theora: a1e56fd34408186e4bbccfd4996cb3dc -> 
  custom:container-muxer-webm: aa71ff27fc2769a1b78a27578f13a17b -> 
  custom:container-demuxer-webm: 4f35f7cbe854078d1ac9338744f61a02 -> 
  custom:video-encoder-webm-vp8: eb34c28f22e8b96e1ab97ce403110664 -> 
  custom:framework-osx-AVFoundation: e770b220cccbd017edd2c1fefb359320 -> 
  custom:audio-encoder-webm-vorbis: bf7c407c2cedff20999df2af8eb42d56 -> 
  custom:container-demuxer-ogg: 62fdf1f143b41e24485cea50d1cbac27 -> 
  custom:video-decoder-webm-vp8: 9c59270c3fd7afecdb556c50c9e8de78 -> 
  custom:audio-decoder-ogg-vorbis: bf7c407c2cedff20999df2af8eb42d56 -> 
========================================================================
Received Prepare
Refreshing native plugins compatible for Editor in 21.81 ms, found 3 plugins.
Preloading 0 native plugins for Editor in 0.00 ms.
Unloading 29 Unused Serialized files (Serialized files now loaded: 0)
Unloading 29 unused Assets / (149.7 KB). Loaded Objects now: 4570.
Memory consumption went from 73.9 MB to 73.7 MB.
Total: 54.220119 ms (FindLiveObjects: 0.830461 ms CreateObjectMapping: 0.205170 ms MarkObjects: 52.342062 ms  DeleteObjects: 0.838630 ms)

AssetImportParameters requested are different than current active one (requested -> active):
  custom:video-decoder-ogg-theora: a1e56fd34408186e4bbccfd4996cb3dc -> 
  custom:container-muxer-webm: aa71ff27fc2769a1b78a27578f13a17b -> 
  custom:container-demuxer-webm: 4f35f7cbe854078d1ac9338744f61a02 -> 
  custom:video-encoder-webm-vp8: eb34c28f22e8b96e1ab97ce403110664 -> 
  custom:framework-osx-AVFoundation: e770b220cccbd017edd2c1fefb359320 -> 
  custom:audio-encoder-webm-vorbis: bf7c407c2cedff20999df2af8eb42d56 -> 
  custom:container-demuxer-ogg: 62fdf1f143b41e24485cea50d1cbac27 -> 
  custom:video-decoder-webm-vp8: 9c59270c3fd7afecdb556c50c9e8de78 -> 
  custom:audio-decoder-ogg-vorbis: bf7c407c2cedff20999df2af8eb42d56 -> 
